1692803925085	geckodriver	INFO	Listening on 127.0.0.1:54035
1692803928127	mozrunner::runner	INFO	Running command: "C:\\Program Files\\Mozilla Firefox\\firefox.exe" "--marionette" "--remote-debugging-port" "54036" "--remote-allow-hosts" "localhost" "-no-remote" "-profile" "C:\\Users\\DE69~1\\AppData\\Local\\Temp\\rust_mozprofilez47Afa"
console.warn: services.settings: Ignoring preference override of remote settings server
console.warn: services.settings: Allow by setting MOZ_REMOTE_SETTINGS_DEVTOOLS=1 in the environment
1692803928389	Marionette	INFO	Marionette enabled
Dynamically enable window occlusion 0
1692803928440	Marionette	INFO	Listening on port 54047
WebDriver BiDi listening on ws://127.0.0.1:54036
Read port: 54047
1692803929480	RemoteAgent	WARN	TLS certificate errors will be ignored for this session
DevTools listening on ws://127.0.0.1:54036/devtools/browser/91a0de79-ab17-48e5-ad4b-42f59b8c2e4e
JavaScript warning: https://cdn.stepik.net/static/frontend-build/vendor.js?1692654355, line 6289: unreachable code after return statement
[Parent 19936, IPC I/O Parent] WARNING: DuplicateHandle failed for handle 0 in TransferHandles: file /builds/worker/checkouts/gecko/ipc/chromium/src/chrome/common/ipc_channel_win.cc:621
[GPU 18460, IPC I/O Child] WARNING: pipe error: 232: file /builds/worker/checkouts/gecko/ipc/chromium/src/chrome/common/ipc_channel_win.cc:443
JavaScript error: https://cdn.stepik.net/static/frontend-build/vendor.js?1692654355, line 6105: Error: Expected: '<assignment:568645>' to be present in the adapter provided payload, but it was not found.
JavaScript warning: https://cdn.stepik.net/static/frontend-build/chunk.55.cc84007eec2eca7abbc3.js?1692654355, line 308: Script terminated by timeout at:
r@https://cdn.stepik.net/static/frontend-build/chunk.55.cc84007eec2eca7abbc3.js?1692654355:308:85

1692803946687	Marionette	INFO	Stopped listening on port 54047
Dynamically enable window occlusion 1
[Parent 19936, IPC I/O Parent] WARNING: DuplicateHandle failed for handle 0 in TransferHandles: file /builds/worker/checkouts/gecko/ipc/chromium/src/chrome/common/ipc_channel_win.cc:621
[GPU 18460, IPC I/O Child] WARNING: pipe error: 232: file /builds/worker/checkouts/gecko/ipc/chromium/src/chrome/common/ipc_channel_win.cc:443
[Parent 19936, IPC I/O Parent] WARNING: DuplicateHandle failed for handle 0 in TransferHandles: file /builds/worker/checkouts/gecko/ipc/chromium/src/chrome/common/ipc_channel_win.cc:621
[GPU 18460, IPC I/O Child] WARNING: pipe error: 232: file /builds/worker/checkouts/gecko/ipc/chromium/src/chrome/common/ipc_channel_win.cc:443
[Parent 19936, IPC I/O Parent] WARNING: DuplicateHandle failed for handle 0 in TransferHandles: file /builds/worker/checkouts/gecko/ipc/chromium/src/chrome/common/ipc_channel_win.cc:621
[GPU 18460, IPC I/O Child] WARNING: pipe error: 232: file /builds/worker/checkouts/gecko/ipc/chromium/src/chrome/common/ipc_channel_win.cc:443
[Parent 19936, IPC I/O Parent] WARNING: DuplicateHandle failed for handle 0 in TransferHandles: file /builds/worker/checkouts/gecko/ipc/chromium/src/chrome/common/ipc_channel_win.cc:621
[GPU 18460, IPC I/O Child] WARNING: pipe error: 232: file /builds/worker/checkouts/gecko/ipc/chromium/src/chrome/common/ipc_channel_win.cc:443
